<?xml version="1.0" encoding="UTF-8"?>
<testng-results ignored="0" total="1" passed="1" failed="0" skipped="0">
  <reporter-output>
  </reporter-output>
  <suite started-at="2023-11-30T22:20:00 IST" name="Suite" finished-at="2023-11-30T22:20:05 IST" duration-ms="4461">
    <groups>
    </groups>
    <test started-at="2023-11-30T22:20:00 IST" name="Test" finished-at="2023-11-30T22:20:05 IST" duration-ms="4461">
      <class name="Demo.FirstDemo">
        <test-method signature="demo1()[pri:0, instance:Demo.FirstDemo@68567e20]" started-at="2023-11-30T22:20:01 IST" name="demo1" finished-at="2023-11-30T22:20:05 IST" duration-ms="4429" status="PASS">
          <reporter-output>
          </reporter-output>
        </test-method> <!-- demo1 -->
      </class> <!-- Demo.FirstDemo -->
    </test> <!-- Test -->
  </suite> <!-- Suite -->
</testng-results>
